<?xml version="1.0" encoding="UTF-8" ?>
<testsuite tests="35" failures="0" name="cucumber.Options.TestRunner" time="29.182" errors="0" skipped="0">
  <properties>
[...]
</properties>
  <testcase classname="Verify badge data is consistent for a specific badge id #1" name="StackOverFlow Badge API with &quot;desc&quot; &quot;rank&quot; &quot;4&quot; &quot;silver&quot;" time="1.369"/>
  <testcase classname="Verify badge data is consistent for a specific badge id #1" name="User calls &quot;getBadgesAPI&quot; with &quot;Get&quot; http request" time="3.432"/>
  <testcase classname="Verify badge data is consistent for a specific badge id #1" name="the api call got success with status code 200" time="0.002"/>
  <testcase classname="Verify badge data is consistent for a specific badge id #1" name="verify badges fetched count maps to 4 using &quot;getBadgesById&quot;" time="1.647"/>
  <testcase classname="Verify badge data is consistent for a specific badge id #1" name="verify recipents fetched with status code 200 using &quot;getRecipentsById&quot;" time="1.646"/>
  <testcase classname="Verify badge data is consistent for a specific badge id #1" name="Verify badge data is consistent for a specific badge id #1" time="1.653"/>
  <testcase classname="Verify badge data is consistent for a specific badge id #2" name="StackOverFlow Badge API with &quot;asc&quot; &quot;rank&quot; &quot;1&quot; &quot;bronze&quot;" time="0.013"/>
  <testcase classname="Verify badge data is consistent for a specific badge id #2" name="User calls &quot;getBadgesAPI&quot; with &quot;Get&quot; http request" time="1.219"/>
  <testcase classname="Verify badge data is consistent for a specific badge id #2" name="the api call got success with status code 200" time="0"/>
  <testcase classname="Verify badge data is consistent for a specific badge id #2" name="verify badges fetched count maps to 1 using &quot;getBadgesById&quot;" time="1.427"/>
  <testcase classname="Verify badge data is consistent for a specific badge id #2" name="verify recipents fetched with status code 200 using &quot;getRecipentsById&quot;" time="1.459"/>
  <testcase classname="Verify badge data is consistent for a specific badge id #2" name="Verify badge data is consistent for a specific badge id #2" time="1.459"/>
  <testcase classname="Verify badge data is consistent for a specific badge id #3" name="StackOverFlow Badge API with &quot;desc&quot; &quot;type&quot; &quot;100&quot; &quot;tag_based&quot;" time="0"/>
  <testcase classname="Verify badge data is consistent for a specific badge id #3" name="User calls &quot;getBadgesAPI&quot; with &quot;Get&quot; http request" time="1.323"/>
  <testcase classname="Verify badge data is consistent for a specific badge id #3" name="the api call got success with status code 200" time="0"/>
  <testcase classname="Verify badge data is consistent for a specific badge id #3" name="verify badges fetched count maps to 100 using &quot;getBadgesById&quot;" time="1.399"/>
  <testcase classname="Verify badge data is consistent for a specific badge id #3" name="verify recipents fetched with status code 200 using &quot;getRecipentsById&quot;" time="1.472"/>
  <testcase classname="Verify badge data is consistent for a specific badge id #3" name="Verify badge data is consistent for a specific badge id #3" time="1.472"/>
  <testcase classname="Verify badge api negative scenario for status codes #1" name="StackOverFlow Badge API with &quot;desc&quot; &quot;type&quot; &quot;4&quot; &quot;bronze&quot;" time="0"/>
  <testcase classname="Verify badge api negative scenario for status codes #1" name="User calls &quot;getBadgesAPI&quot; with &quot;Get&quot; http request" time="1.383"/>
  <testcase classname="Verify badge api negative scenario for status codes #1" name="&quot;error_id&quot; in response body is &quot;400&quot;" time="1.022"/>
  <testcase classname="Verify badge api negative scenario for status codes #1" name="&quot;error_message&quot; in response body is &quot;min&quot;" time="0.011"/>
  <testcase classname="Verify badge api negative scenario for status codes #1" name="&quot;error_name&quot; in response body is &quot;bad_parameter&quot;" time="0.008"/>
  <testcase classname="Verify badge api negative scenario for status codes #1" name="Verify badge api negative scenario for status codes #1" time="0.008"/>
  <testcase classname="Verify badge api negative scenario for status codes #2" name="StackOverFlow Badge API with &quot;asc&quot; &quot;rank&quot; &quot;101&quot; &quot;bronze&quot;" time="0.002"/>
  <testcase classname="Verify badge api negative scenario for status codes #2" name="User calls &quot;getBadgesAPI&quot; with &quot;Get&quot; http request" time="1.555"/>
  <testcase classname="Verify badge api negative scenario for status codes #2" name="&quot;error_id&quot; in response body is &quot;400&quot;" time="0.018"/>
  <testcase classname="Verify badge api negative scenario for status codes #2" name="&quot;error_message&quot; in response body is &quot;pagesize&quot;" time="0.006"/>
  <testcase classname="Verify badge api negative scenario for status codes #2" name="&quot;error_name&quot; in response body is &quot;bad_parameter&quot;" time="0.008"/>
  <testcase classname="Verify badge api negative scenario for status codes #2" name="Verify badge api negative scenario for status codes #2" time="0.01"/>
  <testcase classname="Verify badgeid api for negative scenario" name="StackOverFlow Badge API" time="0.003"/>
  <testcase classname="Verify badgeid api for negative scenario" name="User calls &quot;getBadgesAPI&quot; with &quot;Get&quot; http request" time="1.457"/>
  <testcase classname="Verify badgeid api for negative scenario" name="the api call got success with status code 200" time="0"/>
  <testcase classname="Verify badgeid api for negative scenario" name="verify badges fetched max size per page is 31 using &quot;getBadgesById&quot;" time="1.349"/>
  <testcase classname="Verify badgeid api for negative scenario" name="Verify badgeid api for negative scenario" time="1.35"/>
</testsuite>